19:26:32 **** Clean-only build of configuration Debug for project parcial2_2021 ****
rm -rf src/parcial2_2021.o src/LinkedList.o parcial2_2021.exe src/LinkedList.d src/parcial2_2021.d src/Arcade.d src/utn_pedirTipo.o src/utn_menu.d src/utn_pedirTipo.d src/Games.d src/Arcade.o src/parser.o src/validaciones.o src/Controller.d src/utn_menu.o src/validaciones.d src/Controller.o src/Games.o src/parser.d 
rm: cannot remove `parcial2_2021.exe': Permission denied
19:26:38 **** Rebuild of configuration Debug for project parcial2_2021 ****
Info: Internal Builder is used for build
gcc -O0 -g3 -Wall -c -fmessage-length=0 -o "src\\Arcade.o" "..\\src\\Arcade.c" 
gcc -O0 -g3 -Wall -c -fmessage-length=0 -o "src\\parcial2_2021.o" "..\\src\\parcial2_2021.c" 
gcc -O0 -g3 -Wall -c -fmessage-length=0 -o "src\\Controller.o" "..\\src\\Controller.c" 
gcc -O0 -g3 -Wall -c -fmessage-length=0 -o "src\\utn_pedirTipo.o" "..\\src\\utn_pedirTipo.c" 
gcc -O0 -g3 -Wall -c -fmessage-length=0 -o "src\\Games.o" "..\\src\\Games.c" 
gcc -O0 -g3 -Wall -c -fmessage-length=0 -o "src\\LinkedList.o" "..\\src\\LinkedList.c" 
gcc -O0 -g3 -Wall -c -fmessage-length=0 -o "src\\utn_menu.o" "..\\src\\utn_menu.c" 
gcc -O0 -g3 -Wall -c -fmessage-length=0 -o "src\\validaciones.o" "..\\src\\validaciones.c" 
gcc -O0 -g3 -Wall -c -fmessage-length=0 -o "src\\parser.o" "..\\src\\parser.c" 
gcc -o parcial2_2021.exe "src\\Arcade.o" "src\\Controller.o" "src\\Games.o" "src\\LinkedList.o" "src\\parcial2_2021.o" "src\\parser.o" "src\\utn_menu.o" "src\\utn_pedirTipo.o" "src\\validaciones.o" 
19:27:44 **** Incremental Build of configuration Debug for project parcial2_2021 ****
Info: Internal Builder is used for build
gcc -O0 -g3 -Wall -c -fmessage-length=0 -o "src\\Controller.o" "..\\src\\Controller.c" 
gcc -o parcial2_2021.exe "src\\Arcade.o" "src\\Controller.o" "src\\Games.o" "src\\LinkedList.o" "src\\parcial2_2021.o" "src\\parser.o" "src\\utn_menu.o" "src\\utn_pedirTipo.o" "src\\validaciones.o" 
19:27:51 **** Incremental Build of configuration Debug for project parcial2_2021 ****
Info: Internal Builder is used for build
gcc -O0 -g3 -Wall -c -fmessage-length=0 -o "src\\utn_menu.o" "..\\src\\utn_menu.c" 
gcc -o parcial2_2021.exe "src\\Arcade.o" "src\\Controller.o" "src\\Games.o" "src\\LinkedList.o" "src\\parcial2_2021.o" "src\\parser.o" "src\\utn_menu.o" "src\\utn_pedirTipo.o" "src\\validaciones.o" 
Info: Nothing to build for parcial2_2021
Info: Nothing to build for parcial2_2021
Info: Nothing to build for parcial2_2021
Info: Nothing to build for parcial2_2021
19:31:23 **** Incremental Build of configuration Debug for project parcial2_2021 ****
Info: Internal Builder is used for build
gcc -O0 -g3 -Wall -c -fmessage-length=0 -o "src\\Controller.o" "..\\src\\Controller.c" 
gcc -O0 -g3 -Wall -c -fmessage-length=0 -o "src\\Games.o" "..\\src\\Games.c" 
gcc -O0 -g3 -Wall -c -fmessage-length=0 -o "src\\utn_menu.o" "..\\src\\utn_menu.c" 
gcc -O0 -g3 -Wall -c -fmessage-length=0 -o "src\\parser.o" "..\\src\\parser.c" 
gcc -O0 -g3 -Wall -c -fmessage-length=0 -o "src\\parcial2_2021.o" "..\\src\\parcial2_2021.c" 
gcc -O0 -g3 -Wall -c -fmessage-length=0 -o "src\\Arcade.o" "..\\src\\Arcade.c" 
gcc -o parcial2_2021.exe "src\\Arcade.o" "src\\Controller.o" "src\\Games.o" "src\\LinkedList.o" "src\\parcial2_2021.o" "src\\parser.o" "src\\utn_menu.o" "src\\utn_pedirTipo.o" "src\\validaciones.o" 
19:32:23 **** Incremental Build of configuration Debug for project parcial2_2021 ****
Info: Internal Builder is used for build
gcc -O0 -g3 -Wall -c -fmessage-length=0 -o "src\\Games.o" "..\\src\\Games.c" 
..\src\Games.c: In function 'game_getGameName':
..\src\Games.c:50:41: error: 'LEN_JUEGOS' undeclared (first use in this function)
   strncpy (nameGame, this->nombreJuego, LEN_JUEGOS);
                                         ^~~~~~~~~~
..\src\Games.c:50:41: note: each undeclared identifier is reported only once for each function it appears in
19:32:33 **** Incremental Build of configuration Debug for project parcial2_2021 ****
Info: Internal Builder is used for build
gcc -O0 -g3 -Wall -c -fmessage-length=0 -o "src\\Games.o" "..\\src\\Games.c" 
gcc -o parcial2_2021.exe "src\\Arcade.o" "src\\Controller.o" "src\\Games.o" "src\\LinkedList.o" "src\\parcial2_2021.o" "src\\parser.o" "src\\utn_menu.o" "src\\utn_pedirTipo.o" "src\\validaciones.o" 
Info: Nothing to build for parcial2_2021
Info: Nothing to build for parcial2_2021
Info: Nothing to build for parcial2_2021
19:35:34 **** Incremental Build of configuration Debug for project parcial2_2021 ****
Info: Internal Builder is used for build
gcc -O0 -g3 -Wall -c -fmessage-length=0 -o "src\\Controller.o" "..\\src\\Controller.c" 
gcc -o parcial2_2021.exe "src\\Arcade.o" "src\\Controller.o" "src\\Games.o" "src\\LinkedList.o" "src\\parcial2_2021.o" "src\\parser.o" "src\\utn_menu.o" "src\\utn_pedirTipo.o" "src\\validaciones.o" 
19:35:58 **** Incremental Build of configuration Debug for project parcial2_2021 ****
Info: Internal Builder is used for build
gcc -O0 -g3 -Wall -c -fmessage-length=0 -o "src\\utn_menu.o" "..\\src\\utn_menu.c" 
gcc -o parcial2_2021.exe "src\\Arcade.o" "src\\Controller.o" "src\\Games.o" "src\\LinkedList.o" "src\\parcial2_2021.o" "src\\parser.o" "src\\utn_menu.o" "src\\utn_pedirTipo.o" "src\\validaciones.o" 
19:36:29 **** Incremental Build of configuration Debug for project parcial2_2021 ****
Info: Internal Builder is used for build
gcc -O0 -g3 -Wall -c -fmessage-length=0 -o "src\\Controller.o" "..\\src\\Controller.c" 
gcc -o parcial2_2021.exe "src\\Arcade.o" "src\\Controller.o" "src\\Games.o" "src\\LinkedList.o" "src\\parcial2_2021.o" "src\\parser.o" "src\\utn_menu.o" "src\\utn_pedirTipo.o" "src\\validaciones.o" 
Info: Nothing to build for parcial2_2021
Info: Nothing to build for parcial2_2021
19:38:27 **** Incremental Build of configuration Debug for project parcial2_2021 ****
Info: Internal Builder is used for build
gcc -O0 -g3 -Wall -c -fmessage-length=0 -o "src\\utn_menu.o" "..\\src\\utn_menu.c" 
gcc -O0 -g3 -Wall -c -fmessage-length=0 -o "src\\Controller.o" "..\\src\\Controller.c" 
gcc -o parcial2_2021.exe "src\\Arcade.o" "src\\Controller.o" "src\\Games.o" "src\\LinkedList.o" "src\\parcial2_2021.o" "src\\parser.o" "src\\utn_menu.o" "src\\utn_pedirTipo.o" "src\\validaciones.o" 
Info: Nothing to build for parcial2_2021
Info: Nothing to build for parcial2_2021
Info: Nothing to build for parcial2_2021
20:11:50 **** Incremental Build of configuration Debug for project parcial2_2021 ****
Info: Internal Builder is used for build
gcc -O0 -g3 -Wall -c -fmessage-length=0 -o "src\\parcial2_2021.o" "..\\src\\parcial2_2021.c" 
gcc -O0 -g3 -Wall -c -fmessage-length=0 -o "src\\Games.o" "..\\src\\Games.c" 
gcc -O0 -g3 -Wall -c -fmessage-length=0 -o "src\\LinkedList.o" "..\\src\\LinkedList.c" 
gcc -O0 -g3 -Wall -c -fmessage-length=0 -o "src\\Arcade.o" "..\\src\\Arcade.c" 
gcc -O0 -g3 -Wall -c -fmessage-length=0 -o "src\\Controller.o" "..\\src\\Controller.c" 
gcc -O0 -g3 -Wall -c -fmessage-length=0 -o "src\\parser.o" "..\\src\\parser.c" 
gcc -O0 -g3 -Wall -c -fmessage-length=0 -o "src\\utn_menu.o" "..\\src\\utn_menu.c" 
gcc -o parcial2_2021.exe "src\\Arcade.o" "src\\Controller.o" "src\\Games.o" "src\\LinkedList.o" "src\\parcial2_2021.o" "src\\parser.o" "src\\utn_menu.o" "src\\utn_pedirTipo.o" "src\\validaciones.o" 
20:13:28 **** Incremental Build of configuration Debug for project parcial2_2021 ****
Info: Internal Builder is used for build
gcc -O0 -g3 -Wall -c -fmessage-length=0 -o "src\\utn_menu.o" "..\\src\\utn_menu.c" 
gcc -o parcial2_2021.exe "src\\Arcade.o" "src\\Controller.o" "src\\Games.o" "src\\LinkedList.o" "src\\parcial2_2021.o" "src\\parser.o" "src\\utn_menu.o" "src\\utn_pedirTipo.o" "src\\validaciones.o" 
20:16:31 **** Incremental Build of configuration Debug for project parcial2_2021 ****
Info: Internal Builder is used for build
gcc -O0 -g3 -Wall -c -fmessage-length=0 -o "src\\Arcade.o" "..\\src\\Arcade.c" 
gcc -o parcial2_2021.exe "src\\Arcade.o" "src\\Controller.o" "src\\Games.o" "src\\LinkedList.o" "src\\parcial2_2021.o" "src\\parser.o" "src\\utn_menu.o" "src\\utn_pedirTipo.o" "src\\validaciones.o" 
Info: Nothing to build for parcial2_2021
Info: Nothing to build for parcial2_2021
Info: Nothing to build for parcial2_2021
21:52:57 **** Incremental Build of configuration Debug for project parcial2_2021 ****
Info: Internal Builder is used for build
gcc -O0 -g3 -Wall -c -fmessage-length=0 -o "src\\utn_menu.o" "..\\src\\utn_menu.c" 
gcc -O0 -g3 -Wall -c -fmessage-length=0 -o "src\\Controller.o" "..\\src\\Controller.c" 
gcc -O0 -g3 -Wall -c -fmessage-length=0 -o "src\\LinkedList.o" "..\\src\\LinkedList.c" 
gcc -o parcial2_2021.exe "src\\Arcade.o" "src\\Controller.o" "src\\Games.o" "src\\LinkedList.o" "src\\parcial2_2021.o" "src\\parser.o" "src\\utn_menu.o" "src\\utn_pedirTipo.o" "src\\validaciones.o" 
21:53:31 **** Incremental Build of configuration Debug for project parcial2_2021 ****
Info: Internal Builder is used for build
gcc -O0 -g3 -Wall -c -fmessage-length=0 -o "src\\Controller.o" "..\\src\\Controller.c" 
gcc -o parcial2_2021.exe "src\\Arcade.o" "src\\Controller.o" "src\\Games.o" "src\\LinkedList.o" "src\\parcial2_2021.o" "src\\parser.o" "src\\utn_menu.o" "src\\utn_pedirTipo.o" "src\\validaciones.o" 
Info: Nothing to build for parcial2_2021
21:55:19 **** Incremental Build of configuration Debug for project parcial2_2021 ****
Info: Internal Builder is used for build
gcc -O0 -g3 -Wall -c -fmessage-length=0 -o "src\\Controller.o" "..\\src\\Controller.c" 
gcc -o parcial2_2021.exe "src\\Arcade.o" "src\\Controller.o" "src\\Games.o" "src\\LinkedList.o" "src\\parcial2_2021.o" "src\\parser.o" "src\\utn_menu.o" "src\\utn_pedirTipo.o" "src\\validaciones.o" 
21:55:49 **** Incremental Build of configuration Debug for project parcial2_2021 ****
Info: Internal Builder is used for build
gcc -O0 -g3 -Wall -c -fmessage-length=0 -o "src\\Controller.o" "..\\src\\Controller.c" 
gcc -o parcial2_2021.exe "src\\Arcade.o" "src\\Controller.o" "src\\Games.o" "src\\LinkedList.o" "src\\parcial2_2021.o" "src\\parser.o" "src\\utn_menu.o" "src\\utn_pedirTipo.o" "src\\validaciones.o" 
21:55:59 **** Incremental Build of configuration Debug for project parcial2_2021 ****
Info: Internal Builder is used for build
gcc -O0 -g3 -Wall -c -fmessage-length=0 -o "src\\utn_menu.o" "..\\src\\utn_menu.c" 
gcc -o parcial2_2021.exe "src\\Arcade.o" "src\\Controller.o" "src\\Games.o" "src\\LinkedList.o" "src\\parcial2_2021.o" "src\\parser.o" "src\\utn_menu.o" "src\\utn_pedirTipo.o" "src\\validaciones.o" 
21:56:53 **** Incremental Build of configuration Debug for project parcial2_2021 ****
Info: Internal Builder is used for build
gcc -O0 -g3 -Wall -c -fmessage-length=0 -o "src\\Controller.o" "..\\src\\Controller.c" 
In file included from ..\src\Controller.c:1:0:
..\src\Controller.h:9:19: fatal error: Games.h: No such file or directory
 #include "Games.h"
                   ^
compilation terminated.
21:57:42 **** Incremental Build of configuration Debug for project parcial2_2021 ****
Info: Internal Builder is used for build
gcc -O0 -g3 -Wall -c -fmessage-length=0 -o "src\\utn_menu.o" "..\\src\\utn_menu.c" 
In file included from ..\src\utn_menu.h:8:0,
                 from ..\src\utn_menu.c:1:
..\src\Controller.h:9:19: fatal error: Games.h: No such file or directory
 #include "Games.h"
                   ^
compilation terminated.
21:57:58 **** Incremental Build of configuration Debug for project parcial2_2021 ****
Info: Internal Builder is used for build
gcc -O0 -g3 -Wall -c -fmessage-length=0 -o "src\\Controller.o" "..\\src\\Controller.c" 
..\src\Controller.c: In function 'controller_loadFromText':
..\src\Controller.c:23:7: error: too many arguments to function 'parser_ArcadeFromText'
   if (parser_ArcadeFromText(archivo, pArrayListArcade, pArrayListGame)==0)
       ^~~~~~~~~~~~~~~~~~~~~
In file included from ..\src\Controller.h:7:0,
                 from ..\src\Controller.c:1:
..\src\parser.h:9:5: note: declared here
 int parser_ArcadeFromText(FILE* pFile , LinkedList* pArrayListArcade);
     ^~~~~~~~~~~~~~~~~~~~~
..\src\Controller.c: In function 'controller_addArcade':
..\src\Controller.c:52:2: error: unknown type name 'Games'
  Games* auxpGame;
  ^~~~~
..\src\Controller.c:69:20: warning: implicit declaration of function 'game_new' [-Wimplicit-function-declaration]
         auxpGame = game_new();
                    ^~~~~~~~
..\src\Controller.c:69:18: warning: assignment makes pointer from integer without a cast [-Wint-conversion]
         auxpGame = game_new();
                  ^
..\src\Controller.c:79:10: warning: implicit declaration of function 'game_setGameName' [-Wimplicit-function-declaration]
          game_setGameName (auxpGame, auxNombreJuego);
          ^~~~~~~~~~~~~~~~
21:58:08 **** Incremental Build of configuration Debug for project parcial2_2021 ****
Info: Internal Builder is used for build
gcc -O0 -g3 -Wall -c -fmessage-length=0 -o "src\\Arcade.o" "..\\src\\Arcade.c" 
..\src\Arcade.c:8:19: fatal error: Games.h: No such file or directory
 #include "Games.h"
                   ^
compilation terminated.
21:58:26 **** Incremental Build of configuration Debug for project parcial2_2021 ****
Info: Internal Builder is used for build
gcc -O0 -g3 -Wall -c -fmessage-length=0 -o "src\\utn_menu.o" "..\\src\\utn_menu.c" 
In file included from ..\src\utn_menu.c:1:0:
..\src\utn_menu.h:9:19: fatal error: Games.h: No such file or directory
 #include "Games.h"
                   ^
compilation terminated.
21:58:35 **** Incremental Build of configuration Debug for project parcial2_2021 ****
Info: Internal Builder is used for build
gcc -O0 -g3 -Wall -c -fmessage-length=0 -o "src\\utn_menu.o" "..\\src\\utn_menu.c" 
..\src\utn_menu.c: In function 'utn_menu':
..\src\utn_menu.c:16:2: error: too few arguments to function 'controller_loadFromText'
  controller_loadFromText("arcades.csv", listArcades);
  ^~~~~~~~~~~~~~~~~~~~~~~
In file included from ..\src\utn_menu.h:8:0,
                 from ..\src\utn_menu.c:1:
..\src\Controller.h:16:5: note: declared here
 int controller_loadFromText(char* path , LinkedList* pArrayListArcade, LinkedList* pArrayListGame);
     ^~~~~~~~~~~~~~~~~~~~~~~
..\src\utn_menu.c:23:9: error: too few arguments to function 'controller_addArcade'
     if (controller_addArcade(listArcades)==0)
         ^~~~~~~~~~~~~~~~~~~~
In file included from ..\src\utn_menu.h:8:0,
                 from ..\src\utn_menu.c:1:
..\src\Controller.h:17:5: note: declared here
 int controller_addArcade(LinkedList* pArrayListArcade, LinkedList* pArrayListGame);
     ^~~~~~~~~~~~~~~~~~~~
21:59:10 **** Incremental Build of configuration Debug for project parcial2_2021 ****
Info: Internal Builder is used for build
gcc -O0 -g3 -Wall -c -fmessage-length=0 -o "src\\utn_menu.o" "..\\src\\utn_menu.c" 
..\src\utn_menu.c: In function 'controller_addArcade':
..\src\utn_menu.c:3:13: error: storage class specified for parameter 'imprimirOpciones'
 static void imprimirOpciones (void);
             ^~~~~~~~~~~~~~~~
..\src\utn_menu.c:12:1: error: expected '=', ',', ';', 'asm' or '__attribute__' before '{' token
 {
 ^
..\src\utn_menu.c:89:1: error: expected '=', ',', ';', 'asm' or '__attribute__' before '{' token
 {
 ^
In file included from ..\src\utn_menu.h:8:0,
                 from ..\src\utn_menu.c:1:
..\src\Controller.h:17:5: error: old-style parameter declarations in prototyped function definition
 int controller_addArcade(LinkedList* pArrayListArcade)
     ^~~~~~~~~~~~~~~~~~~~
..\src\utn_menu.c:99:1: error: expected '{' at end of input
 }
 ^
..\src\utn_menu.c:99:1: warning: control reaches end of non-void function [-Wreturn-type]
 }
 ^
21:59:49 **** Incremental Build of configuration Debug for project parcial2_2021 ****
Info: Internal Builder is used for build
gcc -O0 -g3 -Wall -c -fmessage-length=0 -o "src\\parcial2_2021.o" "..\\src\\parcial2_2021.c" 
gcc -O0 -g3 -Wall -c -fmessage-length=0 -o "src\\Controller.o" "..\\src\\Controller.c" 
..\src\Controller.c:17:5: error: conflicting types for 'controller_loadFromText'
 int controller_loadFromText(char* path , LinkedList* pArrayListArcade, LinkedList* pArrayListGame)
     ^~~~~~~~~~~~~~~~~~~~~~~
In file included from ..\src\Controller.c:1:0:
..\src\Controller.h:16:5: note: previous declaration of 'controller_loadFromText' was here
 int controller_loadFromText(char* path , LinkedList* pArrayListArcade);
     ^~~~~~~~~~~~~~~~~~~~~~~
22:00:02 **** Incremental Build of configuration Debug for project parcial2_2021 ****
Info: Internal Builder is used for build
gcc -O0 -g3 -Wall -c -fmessage-length=0 -o "src\\Controller.o" "..\\src\\Controller.c" 
gcc -O0 -g3 -Wall -c -fmessage-length=0 -o "src\\utn_menu.o" "..\\src\\utn_menu.c" 
gcc -O0 -g3 -Wall -c -fmessage-length=0 -o "src\\Arcade.o" "..\\src\\Arcade.c" 
gcc -O0 -g3 -Wall -c -fmessage-length=0 -o "src\\parser.o" "..\\src\\parser.c" 
gcc -o parcial2_2021.exe "src\\Arcade.o" "src\\Controller.o" "src\\LinkedList.o" "src\\parcial2_2021.o" "src\\parser.o" "src\\utn_menu.o" "src\\utn_pedirTipo.o" "src\\validaciones.o" 
Info: Nothing to build for parcial2_2021
Info: Nothing to build for parcial2_2021
Info: Nothing to build for parcial2_2021
22:18:18 **** Incremental Build of configuration Debug for project parcial2_2021 ****
Info: Internal Builder is used for build
gcc -O0 -g3 -Wall -c -fmessage-length=0 -o "src\\parser.o" "..\\src\\parser.c" 
gcc -O0 -g3 -Wall -c -fmessage-length=0 -o "src\\Arcade.o" "..\\src\\Arcade.c" 
gcc -O0 -g3 -Wall -c -fmessage-length=0 -o "src\\Controller.o" "..\\src\\Controller.c" 
gcc -O0 -g3 -Wall -c -fmessage-length=0 -o "src\\parcial2_2021.o" "..\\src\\parcial2_2021.c" 
gcc -O0 -g3 -Wall -c -fmessage-length=0 -o "src\\LinkedList.o" "..\\src\\LinkedList.c" 
gcc -O0 -g3 -Wall -c -fmessage-length=0 -o "src\\utn_menu.o" "..\\src\\utn_menu.c" 
..\src\utn_menu.c: In function 'utn_menu':
..\src\utn_menu.c:74:33: error: 'arcade_CriterioEsMultijugador' undeclared (first use in this function)
      ll_filter(clonlistArcades, arcade_CriterioEsMultijugador);
                                 ^~~~~~~~~~~~~~~~~~~~~~~~~~~~~
..\src\utn_menu.c:74:33: note: each undeclared identifier is reported only once for each function it appears in
..\src\utn_menu.c:82:29: warning: implicit declaration of function 'arcade_CriterioActulizarFichas' [-Wimplicit-function-declaration]
     if (ll_map(listArcades, arcade_CriterioActulizarFichas(listArcades))==0)
                             ^~~~~~~~~~~~~~~~~~~~~~~~~~~~~~
..\src\utn_menu.c:82:29: warning: passing argument 2 of 'll_map' makes pointer from integer without a cast [-Wint-conversion]
In file included from ..\src\parser.h:6:0,
                 from ..\src\Controller.h:7,
                 from ..\src\utn_menu.h:8,
                 from ..\src\utn_menu.c:1:
..\src\LinkedList.h:59:5: note: expected 'void (*)(void *)' but argument is of type 'int'
 int ll_map(LinkedList* this, void (*pFunc)(void*));
     ^~~~~~
22:18:41 **** Incremental Build of configuration Debug for project parcial2_2021 ****
Info: Internal Builder is used for build
gcc -O0 -g3 -Wall -c -fmessage-length=0 -o "src\\Controller.o" "..\\src\\Controller.c" 
gcc -O0 -g3 -Wall -c -fmessage-length=0 -o "src\\parcial2_2021.o" "..\\src\\parcial2_2021.c" 
gcc -O0 -g3 -Wall -c -fmessage-length=0 -o "src\\Arcade.o" "..\\src\\Arcade.c" 
gcc -O0 -g3 -Wall -c -fmessage-length=0 -o "src\\utn_menu.o" "..\\src\\utn_menu.c" 
..\src\utn_menu.c: In function 'utn_menu':
..\src\utn_menu.c:82:29: warning: implicit declaration of function 'arcade_CriterioActulizarFichas' [-Wimplicit-function-declaration]
     if (ll_map(listArcades, arcade_CriterioActulizarFichas(listArcades))==0)
                             ^~~~~~~~~~~~~~~~~~~~~~~~~~~~~~
..\src\utn_menu.c:82:29: warning: passing argument 2 of 'll_map' makes pointer from integer without a cast [-Wint-conversion]
In file included from ..\src\parser.h:6:0,
                 from ..\src\Controller.h:7,
                 from ..\src\utn_menu.h:8,
                 from ..\src\utn_menu.c:1:
..\src\LinkedList.h:59:5: note: expected 'void (*)(void *)' but argument is of type 'int'
 int ll_map(LinkedList* this, void (*pFunc)(void*));
     ^~~~~~
gcc -O0 -g3 -Wall -c -fmessage-length=0 -o "src\\parser.o" "..\\src\\parser.c" 
gcc -o parcial2_2021.exe "src\\Arcade.o" "src\\Controller.o" "src\\LinkedList.o" "src\\parcial2_2021.o" "src\\parser.o" "src\\utn_menu.o" "src\\utn_pedirTipo.o" "src\\validaciones.o" 
src\utn_menu.o: In function `utn_menu':
C:\Users\Gonzalo\Desktop\laboratorio y programacion 1\utn_parcial_2021\parcial2_2021\Debug/../src/utn_menu.c:82: undefined reference to `arcade_CriterioActulizarFichas'
collect2.exe: error: ld returned 1 exit status
22:19:03 **** Incremental Build of configuration Debug for project parcial2_2021 ****
Info: Internal Builder is used for build
gcc -O0 -g3 -Wall -c -fmessage-length=0 -o "src\\utn_menu.o" "..\\src\\utn_menu.c" 
..\src\utn_menu.c: In function 'utn_menu':
..\src\utn_menu.c:82:29: error: void value not ignored as it ought to be
     if (ll_map(listArcades, arcade_criterioActulizarFichas((listArcades))==0)
                             ^~~~~~~~~~~~~~~~~~~~~~~~~~~~~~~~~~~~~~~~~~~~~
..\src\utn_menu.c:83:5: error: expected ')' before '{' token
     {
     ^
..\src\utn_menu.c:94:3: error: expected expression before '}' token
   }
   ^
22:19:09 **** Incremental Build of configuration Debug for project parcial2_2021 ****
Info: Internal Builder is used for build
gcc -O0 -g3 -Wall -c -fmessage-length=0 -o "src\\utn_menu.o" "..\\src\\utn_menu.c" 
..\src\utn_menu.c: In function 'utn_menu':
..\src\utn_menu.c:82:5: error: invalid use of void expression
     if (ll_map(listArcades, arcade_criterioActulizarFichas(listArcades))==0)
     ^~
22:19:20 **** Incremental Build of configuration Debug for project parcial2_2021 ****
Info: Internal Builder is used for build
gcc -O0 -g3 -Wall -c -fmessage-length=0 -o "src\\utn_menu.o" "..\\src\\utn_menu.c" 
gcc -o parcial2_2021.exe "src\\Arcade.o" "src\\Controller.o" "src\\LinkedList.o" "src\\parcial2_2021.o" "src\\parser.o" "src\\utn_menu.o" "src\\utn_pedirTipo.o" "src\\validaciones.o" 
